<?xml version="1.0" encoding="UTF-8"?>
<testng-results skipped="0" failed="0" total="1" passed="1">
  <reporter-output>
  </reporter-output>
  <suite name="Default suite" duration-ms="2388" started-at="2020-04-30T18:58:03Z" finished-at="2020-04-30T18:58:05Z">
    <groups>
    </groups>
    <test name="Default test" duration-ms="2388" started-at="2020-04-30T18:58:03Z" finished-at="2020-04-30T18:58:05Z">
      <class name="datadriventesting.DataDrivenTest_PostData">
        <test-method status="PASS" signature="test()[pri:0, instance:datadriventesting.DataDrivenTest_PostData@7cdbc5d3]" name="test" duration-ms="2378" started-at="2020-05-01T00:28:03Z" finished-at="2020-05-01T00:28:05Z">
          <reporter-output>
          </reporter-output>
        </test-method> <!-- test -->
      </class> <!-- datadriventesting.DataDrivenTest_PostData -->
    </test> <!-- Default test -->
  </suite> <!-- Default suite -->
</testng-results>
